2024-04-21 14:09:15,782 - INFO - === Simulation Execution Started ===
2024-04-21 14:09:15,782 - DEBUG - === Initializing City ===
2024-04-21 14:09:15,783 - DEBUG - === Initializing Epidemic Model ===
2024-04-21 14:09:15,785 - DEBUG - === Initializing Environment ===
2024-04-21 14:09:15,785 - DEBUG - === Initializing Agents ===
2024-04-21 14:09:15,794 - INFO - === Starting Simulation Loop With 4464 Steps ===
2024-04-21 14:09:15,794 - INFO - === Step: ('Monday', 0, 0, 0) ===
2024-04-21 14:09:15,794 - INFO - Step of agent 0
2024-04-21 14:09:15,795 - INFO - Agent Intent:
2024-04-21 14:09:15,795 - INFO - 	goal: The agent has not goals in life :-(
2024-04-21 14:09:15,795 - INFO - Agent 0 action is empty
2024-04-21 14:09:15,795 - ERROR - Action none not recognized
2024-04-21 14:09:15,795 - INFO - === Step: ('Monday', 0, 0, 10) ===
2024-04-21 14:09:15,796 - INFO - Step of agent 0
2024-04-21 14:09:15,796 - INFO - Agent Intent:
2024-04-21 14:09:15,796 - INFO - 	goal: The agent has not goals in life :-(
2024-04-21 14:09:15,796 - INFO - Agent 0 action is empty
2024-04-21 14:09:15,796 - ERROR - Action none not recognized
2024-04-21 14:09:15,796 - INFO - === Step: ('Monday', 0, 0, 20) ===
2024-04-21 14:09:15,797 - INFO - Step of agent 0
2024-04-21 14:09:15,797 - INFO - Agent Intent:
2024-04-21 14:09:15,797 - INFO - 	goal: The agent has not goals in life :-(
2024-04-21 14:09:15,797 - INFO - Agent 0 action is empty
2024-04-21 14:09:15,797 - ERROR - Action none not recognized
2024-04-21 14:09:15,797 - INFO - === Step: ('Monday', 0, 0, 30) ===
2024-04-21 14:09:15,798 - INFO - Step of agent 0
2024-04-21 14:09:15,798 - INFO - Agent Intent:
2024-04-21 14:09:15,798 - INFO - 	goal: The agent has not goals in life :-(
2024-04-21 14:09:15,798 - INFO - Agent 0 action is empty
2024-04-21 14:09:15,798 - ERROR - Action none not recognized
2024-04-21 14:09:15,798 - INFO - === Step: ('Monday', 0, 0, 40) ===
2024-04-21 14:09:15,798 - INFO - Step of agent 0
2024-04-21 14:09:15,799 - INFO - Agent Intent:
2024-04-21 14:09:15,799 - INFO - 	goal: The agent has not goals in life :-(
2024-04-21 14:09:15,799 - INFO - Agent 0 action is empty
2024-04-21 14:09:15,799 - ERROR - Action none not recognized
2024-04-21 14:09:15,799 - INFO - === Step: ('Monday', 0, 0, 50) ===
2024-04-21 14:09:15,799 - INFO - Step of agent 0
2024-04-21 14:09:15,800 - INFO - Agent Intent:
2024-04-21 14:09:15,800 - INFO - 	goal: The agent has not goals in life :-(
2024-04-21 14:09:15,800 - INFO - Agent 0 action is empty
2024-04-21 14:09:15,800 - ERROR - Action none not recognized
2024-04-21 14:09:15,800 - INFO - === Step: ('Monday', 0, 1, 0) ===
2024-04-21 14:09:15,800 - INFO - Step of agent 0
2024-04-21 14:09:15,800 - INFO - Agent Intent:
2024-04-21 14:09:15,801 - INFO - 	goal: The agent has not goals in life :-(
2024-04-21 14:09:15,801 - INFO - Agent 0 action is empty
2024-04-21 14:09:15,801 - ERROR - Action none not recognized
2024-04-21 14:09:15,801 - INFO - === Step: ('Monday', 0, 1, 10) ===
2024-04-21 14:09:15,801 - INFO - Step of agent 0
2024-04-21 14:09:15,801 - INFO - Agent Intent:
2024-04-21 14:09:15,801 - INFO - 	goal: The agent has not goals in life :-(
2024-04-21 14:09:15,802 - INFO - Agent 0 action is empty
2024-04-21 14:09:15,802 - ERROR - Action none not recognized
2024-04-21 14:09:15,802 - INFO - === Step: ('Monday', 0, 1, 20) ===
2024-04-21 14:09:15,802 - INFO - Step of agent 0
2024-04-21 14:09:15,802 - INFO - Agent Intent:
2024-04-21 14:09:15,802 - INFO - 	goal: The agent has not goals in life :-(
2024-04-21 14:09:15,802 - INFO - Agent 0 action is empty
2024-04-21 14:09:15,803 - ERROR - Action none not recognized
2024-04-21 14:09:15,803 - INFO - === Step: ('Monday', 0, 1, 30) ===
2024-04-21 14:09:15,803 - INFO - Step of agent 0
2024-04-21 14:09:15,803 - INFO - Agent Intent:
2024-04-21 14:09:15,803 - INFO - 	goal: The agent has not goals in life :-(
2024-04-21 14:09:15,803 - INFO - Agent 0 action is empty
2024-04-21 14:09:15,804 - ERROR - Action none not recognized
2024-04-21 14:09:15,804 - INFO - === Step: ('Monday', 0, 1, 40) ===
2024-04-21 14:09:15,804 - INFO - Step of agent 0
2024-04-21 14:09:15,804 - INFO - Agent Intent:
2024-04-21 14:09:15,804 - INFO - 	goal: The agent has not goals in life :-(
2024-04-21 14:09:15,804 - INFO - Agent 0 action is empty
2024-04-21 14:09:15,805 - ERROR - Action none not recognized
2024-04-21 14:09:15,805 - INFO - === Step: ('Monday', 0, 1, 50) ===
2024-04-21 14:09:15,805 - INFO - Step of agent 0
2024-04-21 14:09:15,805 - INFO - Agent Intent:
2024-04-21 14:09:15,805 - INFO - 	goal: The agent has not goals in life :-(
2024-04-21 14:09:15,805 - INFO - Agent 0 action is empty
2024-04-21 14:09:15,806 - ERROR - Action none not recognized
2024-04-21 14:09:15,806 - INFO - === Step: ('Monday', 0, 2, 0) ===
2024-04-21 14:09:15,806 - INFO - Step of agent 0
2024-04-21 14:09:15,806 - INFO - Agent Intent:
2024-04-21 14:09:15,806 - INFO - 	goal: The agent has not goals in life :-(
2024-04-21 14:09:15,807 - INFO - Agent 0 action is empty
2024-04-21 14:09:15,807 - ERROR - Action none not recognized
2024-04-21 14:09:15,807 - INFO - === Step: ('Monday', 0, 2, 10) ===
2024-04-21 14:09:15,807 - INFO - Step of agent 0
2024-04-21 14:09:15,807 - INFO - Agent Intent:
2024-04-21 14:09:15,807 - INFO - 	goal: The agent has not goals in life :-(
2024-04-21 14:09:15,808 - INFO - Agent 0 action is empty
2024-04-21 14:09:15,808 - ERROR - Action none not recognized
2024-04-21 14:09:15,808 - INFO - === Step: ('Monday', 0, 2, 20) ===
2024-04-21 14:09:15,808 - INFO - Step of agent 0
2024-04-21 14:09:15,808 - INFO - Agent Intent:
2024-04-21 14:09:15,808 - INFO - 	goal: The agent has not goals in life :-(
2024-04-21 14:09:15,809 - INFO - Agent 0 action is empty
2024-04-21 14:09:15,809 - ERROR - Action none not recognized
2024-04-21 14:09:15,809 - INFO - === Step: ('Monday', 0, 2, 30) ===
2024-04-21 14:09:15,809 - INFO - Step of agent 0
2024-04-21 14:09:15,809 - INFO - Agent Intent:
2024-04-21 14:09:15,810 - INFO - 	goal: The agent has not goals in life :-(
2024-04-21 14:09:15,810 - INFO - Agent 0 action is empty
2024-04-21 14:09:15,810 - ERROR - Action none not recognized
2024-04-21 14:09:15,810 - INFO - === Step: ('Monday', 0, 2, 40) ===
2024-04-21 14:09:15,810 - INFO - Step of agent 0
2024-04-21 14:09:15,810 - INFO - Agent Intent:
2024-04-21 14:09:15,811 - INFO - 	goal: The agent has not goals in life :-(
2024-04-21 14:09:15,811 - INFO - Agent 0 action is empty
2024-04-21 14:09:15,811 - ERROR - Action none not recognized
2024-04-21 14:09:15,811 - INFO - === Step: ('Monday', 0, 2, 50) ===
2024-04-21 14:09:15,811 - INFO - Step of agent 0
2024-04-21 14:09:15,812 - INFO - Agent Intent:
2024-04-21 14:09:15,812 - INFO - 	goal: The agent has not goals in life :-(
2024-04-21 14:09:15,812 - INFO - Agent 0 action is empty
2024-04-21 14:09:15,812 - ERROR - Action none not recognized
2024-04-21 14:09:15,812 - INFO - === Step: ('Monday', 0, 3, 0) ===
2024-04-21 14:09:15,812 - INFO - Step of agent 0
2024-04-21 14:09:15,813 - INFO - Agent Intent:
2024-04-21 14:09:15,813 - INFO - 	goal: The agent has not goals in life :-(
2024-04-21 14:09:15,813 - INFO - Agent 0 action is empty
2024-04-21 14:09:15,813 - ERROR - Action none not recognized
2024-04-21 14:09:15,813 - INFO - === Step: ('Monday', 0, 3, 10) ===
2024-04-21 14:09:15,813 - INFO - Step of agent 0
2024-04-21 14:09:15,814 - INFO - Agent Intent:
2024-04-21 14:09:15,814 - INFO - 	goal: The agent has not goals in life :-(
2024-04-21 14:09:15,814 - INFO - Agent 0 action is empty
2024-04-21 14:09:15,814 - ERROR - Action none not recognized
2024-04-21 14:09:15,814 - INFO - === Step: ('Monday', 0, 3, 20) ===
2024-04-21 14:09:15,814 - INFO - Step of agent 0
2024-04-21 14:09:15,815 - INFO - Agent Intent:
2024-04-21 14:09:15,815 - INFO - 	goal: The agent has not goals in life :-(
2024-04-21 14:09:15,815 - INFO - Agent 0 action is empty
2024-04-21 14:09:15,815 - ERROR - Action none not recognized
2024-04-21 14:09:15,815 - INFO - === Step: ('Monday', 0, 3, 30) ===
2024-04-21 14:09:15,815 - INFO - Step of agent 0
2024-04-21 14:09:15,816 - INFO - Agent Intent:
2024-04-21 14:09:15,816 - INFO - 	goal: The agent has not goals in life :-(
2024-04-21 14:09:15,816 - INFO - Agent 0 action is empty
2024-04-21 14:09:15,816 - ERROR - Action none not recognized
2024-04-21 14:09:15,816 - INFO - === Step: ('Monday', 0, 3, 40) ===
2024-04-21 14:09:15,817 - INFO - Step of agent 0
2024-04-21 14:09:15,817 - INFO - Agent Intent:
2024-04-21 14:09:15,817 - INFO - 	goal: The agent has not goals in life :-(
2024-04-21 14:09:15,817 - INFO - Agent 0 action is empty
2024-04-21 14:09:15,817 - ERROR - Action none not recognized
2024-04-21 14:09:15,818 - INFO - === Step: ('Monday', 0, 3, 50) ===
2024-04-21 14:09:15,818 - INFO - Step of agent 0
2024-04-21 14:09:15,818 - INFO - Agent Intent:
2024-04-21 14:09:15,818 - INFO - 	goal: The agent has not goals in life :-(
2024-04-21 14:09:15,818 - INFO - Agent 0 action is empty
2024-04-21 14:09:15,818 - ERROR - Action none not recognized
2024-04-21 14:09:15,819 - INFO - === Step: ('Monday', 0, 4, 0) ===
2024-04-21 14:09:15,819 - INFO - Step of agent 0
2024-04-21 14:09:15,819 - INFO - Agent Intent:
2024-04-21 14:09:15,819 - INFO - 	goal: The agent has not goals in life :-(
2024-04-21 14:09:15,819 - INFO - Agent 0 action is empty
2024-04-21 14:09:15,819 - ERROR - Action none not recognized
2024-04-21 14:09:15,820 - INFO - === Step: ('Monday', 0, 4, 10) ===
2024-04-21 14:09:15,820 - INFO - Step of agent 0
2024-04-21 14:09:15,820 - INFO - Agent Intent:
2024-04-21 14:09:15,820 - INFO - 	goal: The agent has not goals in life :-(
2024-04-21 14:09:15,820 - INFO - Agent 0 action is empty
2024-04-21 14:09:15,821 - ERROR - Action none not recognized
2024-04-21 14:09:15,821 - INFO - === Step: ('Monday', 0, 4, 20) ===
2024-04-21 14:09:15,821 - INFO - Step of agent 0
2024-04-21 14:09:15,821 - INFO - Agent Intent:
2024-04-21 14:09:15,821 - INFO - 	goal: The agent has not goals in life :-(
2024-04-21 14:09:15,821 - INFO - Agent 0 action is empty
2024-04-21 14:09:15,822 - ERROR - Action none not recognized
2024-04-21 14:09:15,822 - INFO - === Step: ('Monday', 0, 4, 30) ===
2024-04-21 14:09:15,822 - INFO - Step of agent 0
2024-04-21 14:09:15,822 - INFO - Agent Intent:
2024-04-21 14:09:15,822 - INFO - 	goal: The agent has not goals in life :-(
2024-04-21 14:09:15,822 - INFO - Agent 0 action is empty
2024-04-21 14:09:15,823 - ERROR - Action none not recognized
2024-04-21 14:09:15,823 - INFO - === Step: ('Monday', 0, 4, 40) ===
2024-04-21 14:09:15,823 - INFO - Step of agent 0
2024-04-21 14:09:15,823 - INFO - Agent Intent:
2024-04-21 14:09:15,823 - INFO - 	goal: The agent has not goals in life :-(
2024-04-21 14:09:15,823 - INFO - Agent 0 action is empty
2024-04-21 14:09:15,824 - ERROR - Action none not recognized
2024-04-21 14:09:15,824 - INFO - === Step: ('Monday', 0, 4, 50) ===
2024-04-21 14:09:15,824 - INFO - Step of agent 0
2024-04-21 14:09:15,824 - INFO - Agent Intent:
2024-04-21 14:09:15,824 - INFO - 	goal: The agent has not goals in life :-(
2024-04-21 14:09:15,824 - INFO - Agent 0 action is empty
2024-04-21 14:09:15,825 - ERROR - Action none not recognized
2024-04-21 14:09:15,825 - INFO - === Step: ('Monday', 0, 5, 0) ===
2024-04-21 14:09:15,825 - INFO - Step of agent 0
2024-04-21 14:09:15,825 - INFO - Agent Intent:
2024-04-21 14:09:15,825 - INFO - 	goal: The agent has not goals in life :-(
2024-04-21 14:09:15,825 - INFO - Agent 0 action is empty
2024-04-21 14:09:15,826 - ERROR - Action none not recognized
2024-04-21 14:09:15,826 - INFO - === Step: ('Monday', 0, 5, 10) ===
2024-04-21 14:09:15,826 - INFO - Step of agent 0
2024-04-21 14:09:15,826 - INFO - Agent Intent:
2024-04-21 14:09:15,826 - INFO - 	goal: The agent has not goals in life :-(
2024-04-21 14:09:15,826 - INFO - Agent 0 action is empty
2024-04-21 14:09:15,827 - ERROR - Action none not recognized
2024-04-21 14:09:15,827 - INFO - === Step: ('Monday', 0, 5, 20) ===
2024-04-21 14:09:15,827 - INFO - Step of agent 0
2024-04-21 14:09:15,827 - INFO - Agent Intent:
2024-04-21 14:09:15,827 - INFO - 	goal: The agent has not goals in life :-(
2024-04-21 14:09:15,827 - INFO - Agent 0 action is empty
2024-04-21 14:09:15,828 - ERROR - Action none not recognized
2024-04-21 14:09:15,828 - INFO - === Step: ('Monday', 0, 5, 30) ===
2024-04-21 14:09:15,828 - INFO - Step of agent 0
2024-04-21 14:09:15,828 - INFO - Agent Intent:
2024-04-21 14:09:15,828 - INFO - 	goal: The agent has not goals in life :-(
2024-04-21 14:09:15,829 - INFO - Agent 0 action is empty
2024-04-21 14:09:15,829 - ERROR - Action none not recognized
2024-04-21 14:09:15,829 - INFO - === Step: ('Monday', 0, 5, 40) ===
2024-04-21 14:09:15,829 - INFO - Step of agent 0
2024-04-21 14:09:15,829 - INFO - Agent Intent:
2024-04-21 14:09:15,829 - INFO - 	goal: The agent has not goals in life :-(
2024-04-21 14:09:15,830 - INFO - Agent 0 action is empty
2024-04-21 14:09:15,830 - ERROR - Action none not recognized
2024-04-21 14:09:15,830 - INFO - === Step: ('Monday', 0, 5, 50) ===
2024-04-21 14:09:15,830 - INFO - Step of agent 0
2024-04-21 14:09:15,830 - INFO - Agent Intent:
2024-04-21 14:09:15,830 - INFO - 	goal: The agent has not goals in life :-(
2024-04-21 14:09:15,831 - INFO - Agent 0 action is empty
2024-04-21 14:09:15,831 - ERROR - Action none not recognized
2024-04-21 14:09:15,831 - INFO - === Step: ('Monday', 0, 6, 0) ===
2024-04-21 14:09:15,831 - INFO - Step of agent 0
2024-04-21 14:09:15,831 - INFO - Agent Intent:
2024-04-21 14:09:15,831 - INFO - 	goal: The agent has not goals in life :-(
2024-04-21 14:09:15,832 - INFO - Agent 0 action is empty
2024-04-21 14:09:15,832 - ERROR - Action none not recognized
2024-04-21 14:09:15,832 - INFO - === Step: ('Monday', 0, 6, 10) ===
2024-04-21 14:09:15,832 - INFO - Step of agent 0
2024-04-21 14:09:15,832 - INFO - Agent Intent:
2024-04-21 14:09:15,833 - INFO - 	goal: The agent has not goals in life :-(
2024-04-21 14:09:15,833 - INFO - Agent 0 action is empty
2024-04-21 14:09:15,833 - ERROR - Action none not recognized
2024-04-21 14:09:15,833 - INFO - === Step: ('Monday', 0, 6, 20) ===
2024-04-21 14:09:15,833 - INFO - Step of agent 0
2024-04-21 14:09:15,833 - INFO - Agent Intent:
2024-04-21 14:09:15,834 - INFO - 	goal: The agent has not goals in life :-(
2024-04-21 14:09:15,834 - INFO - Agent 0 action is empty
2024-04-21 14:09:15,834 - ERROR - Action none not recognized
2024-04-21 14:09:15,834 - INFO - === Step: ('Monday', 0, 6, 30) ===
2024-04-21 14:09:15,834 - INFO - Step of agent 0
2024-04-21 14:09:15,834 - INFO - Agent Intent:
2024-04-21 14:09:15,835 - INFO - 	goal: The agent has not goals in life :-(
2024-04-21 14:09:15,835 - INFO - Agent 0 action is empty
2024-04-21 14:09:15,835 - ERROR - Action none not recognized
2024-04-21 14:09:15,835 - INFO - === Step: ('Monday', 0, 6, 40) ===
2024-04-21 14:09:15,835 - INFO - Step of agent 0
2024-04-21 14:09:15,836 - INFO - Agent Intent:
2024-04-21 14:09:15,836 - INFO - 	goal: The agent has not goals in life :-(
2024-04-21 14:09:15,836 - INFO - Agent 0 action is empty
2024-04-21 14:09:15,836 - ERROR - Action none not recognized
2024-04-21 14:09:15,836 - INFO - === Step: ('Monday', 0, 6, 50) ===
2024-04-21 14:09:15,836 - INFO - Step of agent 0
2024-04-21 14:09:15,837 - INFO - Agent Intent:
2024-04-21 14:09:15,837 - INFO - 	goal: The agent has not goals in life :-(
2024-04-21 14:09:15,837 - INFO - Agent 0 action is empty
2024-04-21 14:09:15,837 - ERROR - Action none not recognized
2024-04-21 14:09:15,837 - INFO - === Step: ('Monday', 0, 7, 0) ===
2024-04-21 14:09:15,837 - INFO - Step of agent 0
2024-04-21 14:09:15,838 - INFO - Agent Intent:
2024-04-21 14:09:15,838 - INFO - 	goal: The agent has not goals in life :-(
2024-04-21 14:09:15,838 - INFO - Agent 0 action is empty
2024-04-21 14:09:15,838 - ERROR - Action none not recognized
2024-04-21 14:09:15,838 - INFO - === Step: ('Monday', 0, 7, 10) ===
2024-04-21 14:09:15,838 - INFO - Step of agent 0
2024-04-21 14:09:15,839 - INFO - Agent Intent:
2024-04-21 14:09:15,839 - INFO - 	goal: The agent has not goals in life :-(
2024-04-21 14:09:15,839 - INFO - Agent 0 action is empty
2024-04-21 14:09:15,839 - ERROR - Action none not recognized
2024-04-21 14:09:15,839 - INFO - === Step: ('Monday', 0, 7, 20) ===
2024-04-21 14:09:15,839 - INFO - Step of agent 0
2024-04-21 14:09:15,840 - INFO - Agent Intent:
2024-04-21 14:09:15,840 - INFO - 	goal: The agent has not goals in life :-(
2024-04-21 14:09:15,840 - INFO - Agent 0 action is empty
2024-04-21 14:09:15,840 - ERROR - Action none not recognized
2024-04-21 14:09:15,840 - INFO - === Step: ('Monday', 0, 7, 30) ===
2024-04-21 14:09:15,840 - INFO - Step of agent 0
2024-04-21 14:09:15,841 - INFO - Agent Intent:
2024-04-21 14:09:15,841 - INFO - 	goal: The agent has not goals in life :-(
2024-04-21 14:09:15,841 - INFO - Agent 0 action is empty
2024-04-21 14:09:15,841 - ERROR - Action none not recognized
2024-04-21 14:09:15,841 - INFO - === Step: ('Monday', 0, 7, 40) ===
2024-04-21 14:09:15,842 - INFO - Step of agent 0
2024-04-21 14:09:15,842 - INFO - Agent Intent:
2024-04-21 14:09:15,842 - INFO - 	goal: The agent has not goals in life :-(
2024-04-21 14:09:15,842 - INFO - Agent 0 action is empty
2024-04-21 14:09:15,842 - ERROR - Action none not recognized
2024-04-21 14:09:15,842 - INFO - === Step: ('Monday', 0, 7, 50) ===
2024-04-21 14:09:15,843 - INFO - Step of agent 0
2024-04-21 14:09:15,843 - INFO - Agent Intent:
2024-04-21 14:09:15,843 - INFO - 	goal: The agent has not goals in life :-(
2024-04-21 14:09:15,843 - INFO - Agent 0 action is empty
2024-04-21 14:09:15,843 - ERROR - Action none not recognized
2024-04-21 14:09:15,843 - INFO - === Step: ('Monday', 0, 8, 0) ===
2024-04-21 14:09:15,844 - INFO - Step of agent 0
